unity/builds/android/unityLibrary/build/intermediates/manifest_merge_blame_file/debug/processDebugManifest/manifest-merger-blame-debug-report.txt
1<?xml version="1.0" encoding="utf-8"?>
2<manifest xmlns:android="http://schemas.android.com/apk/res/android"
3    xmlns:tools="http://schemas.android.com/tools"
4    package="com.unity3d.player" >
5
6    <uses-sdk android:minSdkVersion="22" />
7
8    <uses-permission android:name="android.permission.INTERNET" />
8-->src\main\AndroidManifest.xml:3:3-65
8-->src\main\AndroidManifest.xml:3:20-62
9
10    <uses-feature android:glEsVersion="0x00030000" />
10-->src\main\AndroidManifest.xml:4:3-52
10-->src\main\AndroidManifest.xml:4:17-49
11    <uses-feature
11-->src\main\AndroidManifest.xml:5:3-91
12        android:name="android.hardware.vulkan.version"
12-->src\main\AndroidManifest.xml:5:17-63
13        android:required="false" />
13-->src\main\AndroidManifest.xml:5:64-88
14    <uses-feature
14-->src\main\AndroidManifest.xml:6:3-88
15        android:name="android.hardware.touchscreen"
15-->src\main\AndroidManifest.xml:6:17-60
16        android:required="false" />
16-->src\main\AndroidManifest.xml:6:61-85
17    <uses-feature
17-->src\main\AndroidManifest.xml:7:3-99
18        android:name="android.hardware.touchscreen.multitouch"
18-->src\main\AndroidManifest.xml:7:17-71
19        android:required="false" />
19-->src\main\AndroidManifest.xml:7:72-96
20    <uses-feature
20-->src\main\AndroidManifest.xml:8:3-108
21        android:name="android.hardware.touchscreen.multitouch.distinct"
21-->src\main\AndroidManifest.xml:8:17-80
22        android:required="false" />
22-->src\main\AndroidManifest.xml:8:81-105
23
24    <application android:extractNativeLibs="true" >
24-->src\main\AndroidManifest.xml:9:3-20:17
24-->src\main\AndroidManifest.xml:9:16-48
25        <meta-data
25-->src\main\AndroidManifest.xml:10:5-69
26            android:name="unity.splash-mode"
26-->src\main\AndroidManifest.xml:10:16-48
27            android:value="0" />
27-->src\main\AndroidManifest.xml:10:49-66
28        <meta-data
28-->src\main\AndroidManifest.xml:11:5-74
29            android:name="unity.splash-enable"
29-->src\main\AndroidManifest.xml:11:16-50
30            android:value="True" />
30-->src\main\AndroidManifest.xml:11:51-71
31        <meta-data
31-->src\main\AndroidManifest.xml:12:5-78
32            android:name="unity.launch-fullscreen"
32-->src\main\AndroidManifest.xml:12:16-54
33            android:value="True" />
33-->src\main\AndroidManifest.xml:12:55-75
34        <meta-data
34-->src\main\AndroidManifest.xml:13:5-84
35            android:name="unity.render-outside-safearea"
35-->src\main\AndroidManifest.xml:13:16-60
36            android:value="True" />
36-->src\main\AndroidManifest.xml:13:61-81
37        <meta-data
37-->src\main\AndroidManifest.xml:14:5-81
38            android:name="notch.config"
38-->src\main\AndroidManifest.xml:14:16-43
39            android:value="portrait|landscape" />
39-->src\main\AndroidManifest.xml:14:44-78
40        <meta-data
40-->src\main\AndroidManifest.xml:15:5-84
41            android:name="unity.auto-report-fully-drawn"
41-->src\main\AndroidManifest.xml:15:16-60
42            android:value="true" />
42-->src\main\AndroidManifest.xml:15:61-81
43
44        <activity
44-->src\main\AndroidManifest.xml:16:5-19:16
45            android:name="com.unity3d.player.UnityPlayerActivity"
45-->src\main\AndroidManifest.xml:16:15-68
46            android:configChanges="mcc|mnc|locale|touchscreen|keyboard|keyboardHidden|navigation|orientation|screenLayout|uiMode|screenSize|smallestScreenSize|fontScale|layoutDirection|density"
46-->src\main\AndroidManifest.xml:16:180-361
47            android:exported="true"
47-->src\main\AndroidManifest.xml:16:433-456
48            android:hardwareAccelerated="false"
48-->src\main\AndroidManifest.xml:16:397-432
49            android:launchMode="singleTask"
49-->src\main\AndroidManifest.xml:16:148-179
50            android:resizeableActivity="false"
50-->src\main\AndroidManifest.xml:16:362-396
51            android:screenOrientation="fullUser"
51-->src\main\AndroidManifest.xml:16:111-147
52            android:theme="@style/UnityThemeSelector" >
52-->src\main\AndroidManifest.xml:16:69-110
53            <meta-data
53-->src\main\AndroidManifest.xml:17:7-82
54                android:name="unityplayer.UnityActivity"
54-->src\main\AndroidManifest.xml:17:18-58
55                android:value="true" />
55-->src\main\AndroidManifest.xml:17:59-79
56            <meta-data
56-->src\main\AndroidManifest.xml:18:7-70
57                android:name="notch_support"
57-->src\main\AndroidManifest.xml:18:18-46
58                android:value="true" />
58-->src\main\AndroidManifest.xml:18:47-67
59        </activity>
60    </application>
61
62</manifest>